<?xml version="1.0" encoding="utf-8"?>
<TestRun id="0f5061dc-8ead-4bfb-aa1f-eb96073f498e" name="seigl@9TH 2026-05-07 01:16:59" runUser="9TH\seigl" xmlns="http://microsoft.com/schemas/VisualStudio/TeamTest/2010">
  <Times creation="2026-05-07T01:16:59.8707373+09:00" queuing="2026-05-07T01:16:59.8707373+09:00" start="2026-05-07T01:16:56.7345293+09:00" finish="2026-05-07T01:16:59.9288266+09:00" />
  <TestSettings name="default" id="0c02d1d7-e6d8-4dbc-98d5-bd6b91410886">
    <Deployment runDeploymentRoot="seigl_9TH_2026-05-07_01_16_59" />
  </TestSettings>
  <Results>
    <UnitTestResult executionId="7ae2ce86-cfd5-4f9e-820f-f1a1589e3679" testId="e6d524ac-e07a-b20c-b034-a19af040e1e3" testName="DefaultBrowserStrokeGesturesReplayThroughSyntheticInput" computerName="9TH" duration="00:00:00.0120698" startTime="2026-05-07T01:16:59.7827235+09:00" endTime="2026-05-07T01:16:59.7952287+09:00" testType="13cdc9d9-ddb5-4fa4-a97d-d965ccfc6d4b" outcome="Passed" testListId="8c84fa94-04c1-424b-9868-57a2d4851a1d" relativeResultsDirectory="7ae2ce86-cfd5-4f9e-820f-f1a1589e3679" />
    <UnitTestResult executionId="f91c561b-1c64-45b7-be47-7a190168b04f" testId="384f3636-c34a-2525-8e47-e62ee07f8479" testName="GeneratedNegativeStrokePatternsDoNotExecuteHandlers" computerName="9TH" duration="00:00:00.0020408" startTime="2026-05-07T01:16:59.8497344+09:00" endTime="2026-05-07T01:16:59.8517352+09:00" testType="13cdc9d9-ddb5-4fa4-a97d-d965ccfc6d4b" outcome="Passed" testListId="8c84fa94-04c1-424b-9868-57a2d4851a1d" relativeResultsDirectory="f91c561b-1c64-45b7-be47-7a190168b04f" />
    <UnitTestResult executionId="13fcfb26-a9fa-4d09-9f6f-c9a8af44ef0c" testId="79478c80-4568-4442-ccec-bf75211cbdee" testName="DefaultUserScriptGestureDefinitionsAreFullyEnumerated" computerName="9TH" duration="00:00:02.3907404" startTime="2026-05-07T01:16:57.1517283+09:00" endTime="2026-05-07T01:16:59.7306631+09:00" testType="13cdc9d9-ddb5-4fa4-a97d-d965ccfc6d4b" outcome="Passed" testListId="8c84fa94-04c1-424b-9868-57a2d4851a1d" relativeResultsDirectory="13fcfb26-a9fa-4d09-9f6f-c9a8af44ef0c" />
    <UnitTestResult executionId="2457ca90-55ef-44f3-93c5-2866e03049d0" testId="90a8e8b7-ef7a-67ee-2aaa-a2849bc4e48a" testName="WheelAndStrokeGesturesDoNotCrossTriggerEachOther" computerName="9TH" duration="00:00:00.0010183" startTime="2026-05-07T01:16:59.8517352+09:00" endTime="2026-05-07T01:16:59.8537363+09:00" testType="13cdc9d9-ddb5-4fa4-a97d-d965ccfc6d4b" outcome="Passed" testListId="8c84fa94-04c1-424b-9868-57a2d4851a1d" relativeResultsDirectory="2457ca90-55ef-44f3-93c5-2866e03049d0" />
    <UnitTestResult executionId="334bcf08-8f99-4542-a21e-09654d2371fc" testId="a595130b-e420-a69a-052b-765a05847a07" testName="NegativeGestureReplayCasesDoNotExecuteHandlers" computerName="9TH" duration="00:00:00.0043957" startTime="2026-05-07T01:16:59.8447318+09:00" endTime="2026-05-07T01:16:59.8497344+09:00" testType="13cdc9d9-ddb5-4fa4-a97d-d965ccfc6d4b" outcome="Passed" testListId="8c84fa94-04c1-424b-9868-57a2d4851a1d" relativeResultsDirectory="334bcf08-8f99-4542-a21e-09654d2371fc" />
    <UnitTestResult executionId="83994f20-4e24-426b-b275-60501f29627d" testId="c23636de-895e-8a67-58ab-ea1a5ddbd254" testName="DefaultBrowserWheelGesturesReplayThroughSyntheticInput" computerName="9TH" duration="00:00:00.0459487" startTime="2026-05-07T01:16:59.7356627+09:00" endTime="2026-05-07T01:16:59.7827235+09:00" testType="13cdc9d9-ddb5-4fa4-a97d-d965ccfc6d4b" outcome="Passed" testListId="8c84fa94-04c1-424b-9868-57a2d4851a1d" relativeResultsDirectory="83994f20-4e24-426b-b275-60501f29627d" />
    <UnitTestResult executionId="1a6a899d-f559-4899-85d4-d30e27241239" testId="97b4d97c-3d53-bba4-2a43-13314a6f1bd2" testName="GeneratedDefaultBrowserStrokePatternsReplayThroughSyntheticInput" computerName="9TH" duration="00:00:00.0496417" startTime="2026-05-07T01:16:59.7952287+09:00" endTime="2026-05-07T01:16:59.8447318+09:00" testType="13cdc9d9-ddb5-4fa4-a97d-d965ccfc6d4b" outcome="Passed" testListId="8c84fa94-04c1-424b-9868-57a2d4851a1d" relativeResultsDirectory="1a6a899d-f559-4899-85d4-d30e27241239" />
  </Results>
  <TestDefinitions>
    <UnitTest name="DefaultBrowserStrokeGesturesReplayThroughSyntheticInput" storage="c:\users\seigl\projects\creviceapp\creviceapptests\bin\release\crevice4tests.dll" id="e6d524ac-e07a-b20c-b034-a19af040e1e3">
      <Execution id="7ae2ce86-cfd5-4f9e-820f-f1a1589e3679" />
      <TestMethod codeBase="C:\Users\seigl\projects\creviceapp\CreviceAppTests\bin\Release\Crevice4Tests.dll" adapterTypeName="executor://mstestadapter/v2" className="Crevice4Tests.GestureCoverageHarnessTests" name="DefaultBrowserStrokeGesturesReplayThroughSyntheticInput" />
    </UnitTest>
    <UnitTest name="GeneratedNegativeStrokePatternsDoNotExecuteHandlers" storage="c:\users\seigl\projects\creviceapp\creviceapptests\bin\release\crevice4tests.dll" id="384f3636-c34a-2525-8e47-e62ee07f8479">
      <Execution id="f91c561b-1c64-45b7-be47-7a190168b04f" />
      <TestMethod codeBase="C:\Users\seigl\projects\creviceapp\CreviceAppTests\bin\Release\Crevice4Tests.dll" adapterTypeName="executor://mstestadapter/v2" className="Crevice4Tests.GestureCoverageHarnessTests" name="GeneratedNegativeStrokePatternsDoNotExecuteHandlers" />
    </UnitTest>
    <UnitTest name="GeneratedDefaultBrowserStrokePatternsReplayThroughSyntheticInput" storage="c:\users\seigl\projects\creviceapp\creviceapptests\bin\release\crevice4tests.dll" id="97b4d97c-3d53-bba4-2a43-13314a6f1bd2">
      <Execution id="1a6a899d-f559-4899-85d4-d30e27241239" />
      <TestMethod codeBase="C:\Users\seigl\projects\creviceapp\CreviceAppTests\bin\Release\Crevice4Tests.dll" adapterTypeName="executor://mstestadapter/v2" className="Crevice4Tests.GestureCoverageHarnessTests" name="GeneratedDefaultBrowserStrokePatternsReplayThroughSyntheticInput" />
    </UnitTest>
    <UnitTest name="DefaultUserScriptGestureDefinitionsAreFullyEnumerated" storage="c:\users\seigl\projects\creviceapp\creviceapptests\bin\release\crevice4tests.dll" id="79478c80-4568-4442-ccec-bf75211cbdee">
      <Execution id="13fcfb26-a9fa-4d09-9f6f-c9a8af44ef0c" />
      <TestMethod codeBase="C:\Users\seigl\projects\creviceapp\CreviceAppTests\bin\Release\Crevice4Tests.dll" adapterTypeName="executor://mstestadapter/v2" className="Crevice4Tests.GestureCoverageHarnessTests" name="DefaultUserScriptGestureDefinitionsAreFullyEnumerated" />
    </UnitTest>
    <UnitTest name="DefaultBrowserWheelGesturesReplayThroughSyntheticInput" storage="c:\users\seigl\projects\creviceapp\creviceapptests\bin\release\crevice4tests.dll" id="c23636de-895e-8a67-58ab-ea1a5ddbd254">
      <Execution id="83994f20-4e24-426b-b275-60501f29627d" />
      <TestMethod codeBase="C:\Users\seigl\projects\creviceapp\CreviceAppTests\bin\Release\Crevice4Tests.dll" adapterTypeName="executor://mstestadapter/v2" className="Crevice4Tests.GestureCoverageHarnessTests" name="DefaultBrowserWheelGesturesReplayThroughSyntheticInput" />
    </UnitTest>
    <UnitTest name="WheelAndStrokeGesturesDoNotCrossTriggerEachOther" storage="c:\users\seigl\projects\creviceapp\creviceapptests\bin\release\crevice4tests.dll" id="90a8e8b7-ef7a-67ee-2aaa-a2849bc4e48a">
      <Execution id="2457ca90-55ef-44f3-93c5-2866e03049d0" />
      <TestMethod codeBase="C:\Users\seigl\projects\creviceapp\CreviceAppTests\bin\Release\Crevice4Tests.dll" adapterTypeName="executor://mstestadapter/v2" className="Crevice4Tests.GestureCoverageHarnessTests" name="WheelAndStrokeGesturesDoNotCrossTriggerEachOther" />
    </UnitTest>
    <UnitTest name="NegativeGestureReplayCasesDoNotExecuteHandlers" storage="c:\users\seigl\projects\creviceapp\creviceapptests\bin\release\crevice4tests.dll" id="a595130b-e420-a69a-052b-765a05847a07">
      <Execution id="334bcf08-8f99-4542-a21e-09654d2371fc" />
      <TestMethod codeBase="C:\Users\seigl\projects\creviceapp\CreviceAppTests\bin\Release\Crevice4Tests.dll" adapterTypeName="executor://mstestadapter/v2" className="Crevice4Tests.GestureCoverageHarnessTests" name="NegativeGestureReplayCasesDoNotExecuteHandlers" />
    </UnitTest>
  </TestDefinitions>
  <TestEntries>
    <TestEntry testId="e6d524ac-e07a-b20c-b034-a19af040e1e3" executionId="7ae2ce86-cfd5-4f9e-820f-f1a1589e3679" testListId="8c84fa94-04c1-424b-9868-57a2d4851a1d" />
    <TestEntry testId="384f3636-c34a-2525-8e47-e62ee07f8479" executionId="f91c561b-1c64-45b7-be47-7a190168b04f" testListId="8c84fa94-04c1-424b-9868-57a2d4851a1d" />
    <TestEntry testId="79478c80-4568-4442-ccec-bf75211cbdee" executionId="13fcfb26-a9fa-4d09-9f6f-c9a8af44ef0c" testListId="8c84fa94-04c1-424b-9868-57a2d4851a1d" />
    <TestEntry testId="90a8e8b7-ef7a-67ee-2aaa-a2849bc4e48a" executionId="2457ca90-55ef-44f3-93c5-2866e03049d0" testListId="8c84fa94-04c1-424b-9868-57a2d4851a1d" />
    <TestEntry testId="a595130b-e420-a69a-052b-765a05847a07" executionId="334bcf08-8f99-4542-a21e-09654d2371fc" testListId="8c84fa94-04c1-424b-9868-57a2d4851a1d" />
    <TestEntry testId="c23636de-895e-8a67-58ab-ea1a5ddbd254" executionId="83994f20-4e24-426b-b275-60501f29627d" testListId="8c84fa94-04c1-424b-9868-57a2d4851a1d" />
    <TestEntry testId="97b4d97c-3d53-bba4-2a43-13314a6f1bd2" executionId="1a6a899d-f559-4899-85d4-d30e27241239" testListId="8c84fa94-04c1-424b-9868-57a2d4851a1d" />
  </TestEntries>
  <TestLists>
    <TestList name="一覧に存在しない結果" id="8c84fa94-04c1-424b-9868-57a2d4851a1d" />
    <TestList name="読み込まれたすべての結果" id="19431567-8539-422a-85d7-44ee4e166bda" />
  </TestLists>
  <ResultSummary outcome="Completed">
    <Counters total="7" executed="7" passed="7" failed="0" error="0" timeout="0" aborted="0" inconclusive="0" passedButRunAborted="0" notRunnable="0" notExecuted="0" disconnected="0" warning="0" completed="0" inProgress="0" pending="0" />
  </ResultSummary>
</TestRun>