<?xml version="1.0" encoding="utf-8"?>
<TestRun id="49cf31c5-2423-4ced-aa80-1773e3bcfb65" name="seigl@9TH 2026-05-07 01:13:06" runUser="9TH\seigl" xmlns="http://microsoft.com/schemas/VisualStudio/TeamTest/2010">
  <Times creation="2026-05-07T01:13:06.9401402+09:00" queuing="2026-05-07T01:13:06.9401402+09:00" start="2026-05-07T01:11:34.9266248+09:00" finish="2026-05-07T01:13:06.9561424+09:00" />
  <TestSettings name="default" id="8e66a168-2812-4273-a8e5-b395806af10c">
    <Deployment runDeploymentRoot="seigl_9TH_2026-05-07_01_13_06" />
  </TestSettings>
  <Results>
    <UnitTestResult executionId="523524b1-353b-4d9a-882a-4679ebebd39e" testId="69260082-994a-3f10-12fc-72e5f9d6e502" testName="SyntheticGestureReplayProductionIntervalComparison" computerName="9TH" duration="00:01:31.4114803" startTime="2026-05-07T01:11:35.3063419+09:00" endTime="2026-05-07T01:13:06.9011304+09:00" testType="13cdc9d9-ddb5-4fa4-a97d-d965ccfc6d4b" outcome="Passed" testListId="8c84fa94-04c1-424b-9868-57a2d4851a1d" relativeResultsDirectory="523524b1-353b-4d9a-882a-4679ebebd39e">
      <Output>
        <StdOut>TestContext Messages:
Step 09 interval comparison JSON: C:\Users\seigl\projects\creviceapp\poc\2026-05-06-gesture-reliability-performance\step-09-production-interval-measurement\output\gesture-performance-production-interval-comparison.json&#xD;
Step 09 interval comparison summary: C:\Users\seigl\projects\creviceapp\poc\2026-05-06-gesture-reliability-performance\step-09-production-interval-measurement\output\gesture-performance-production-interval-comparison-summary.md</StdOut>
      </Output>
    </UnitTestResult>
  </Results>
  <TestDefinitions>
    <UnitTest name="SyntheticGestureReplayProductionIntervalComparison" storage="c:\users\seigl\projects\creviceapp\creviceapptests\bin\release\crevice4tests.dll" id="69260082-994a-3f10-12fc-72e5f9d6e502">
      <TestCategory>
        <TestCategoryItem TestCategory="PerformanceStep09ProductionIntervalComparison" />
      </TestCategory>
      <Execution id="523524b1-353b-4d9a-882a-4679ebebd39e" />
      <TestMethod codeBase="C:\Users\seigl\projects\creviceapp\CreviceAppTests\bin\Release\Crevice4Tests.dll" adapterTypeName="executor://mstestadapter/v2" className="Crevice4Tests.GesturePerformanceHarnessTests" name="SyntheticGestureReplayProductionIntervalComparison" />
    </UnitTest>
  </TestDefinitions>
  <TestEntries>
    <TestEntry testId="69260082-994a-3f10-12fc-72e5f9d6e502" executionId="523524b1-353b-4d9a-882a-4679ebebd39e" testListId="8c84fa94-04c1-424b-9868-57a2d4851a1d" />
  </TestEntries>
  <TestLists>
    <TestList name="一覧に存在しない結果" id="8c84fa94-04c1-424b-9868-57a2d4851a1d" />
    <TestList name="読み込まれたすべての結果" id="19431567-8539-422a-85d7-44ee4e166bda" />
  </TestLists>
  <ResultSummary outcome="Completed">
    <Counters total="1" executed="1" passed="1" failed="0" error="0" timeout="0" aborted="0" inconclusive="0" passedButRunAborted="0" notRunnable="0" notExecuted="0" disconnected="0" warning="0" completed="0" inProgress="0" pending="0" />
  </ResultSummary>
</TestRun>