<?xml version="1.0" encoding="utf-8"?>
<TestRun id="6fe525f9-0121-482c-95d0-0ecc63069f62" name="seigl@9TH 2026-05-07 01:07:58" runUser="9TH\seigl" xmlns="http://microsoft.com/schemas/VisualStudio/TeamTest/2010">
  <Times creation="2026-05-07T01:07:58.3466105+09:00" queuing="2026-05-07T01:07:58.3466105+09:00" start="2026-05-07T01:07:43.2247624+09:00" finish="2026-05-07T01:07:58.8257050+09:00" />
  <TestSettings name="default" id="bce05422-c829-4032-ac6e-3ea10c892149">
    <Deployment runDeploymentRoot="seigl_9TH_2026-05-07_01_07_58" />
  </TestSettings>
  <Results>
    <UnitTestResult executionId="a4345649-f949-4a1a-8bd6-37c225f989f7" testId="c23636de-895e-8a67-58ab-ea1a5ddbd254" testName="DefaultBrowserWheelGesturesReplayThroughSyntheticInput" computerName="9TH" duration="00:00:00.0554937" startTime="2026-05-07T01:07:58.3366164+09:00" endTime="2026-05-07T01:07:58.3926540+09:00" testType="13cdc9d9-ddb5-4fa4-a97d-d965ccfc6d4b" outcome="Passed" testListId="8c84fa94-04c1-424b-9868-57a2d4851a1d" relativeResultsDirectory="a4345649-f949-4a1a-8bd6-37c225f989f7" />
    <UnitTestResult executionId="30a899f0-0f7b-4107-a5e8-05a514180f32" testId="97b4d97c-3d53-bba4-2a43-13314a6f1bd2" testName="GeneratedDefaultBrowserStrokePatternsReplayThroughSyntheticInput" computerName="9TH" duration="00:00:00.0244826" startTime="2026-05-07T01:07:58.4046960+09:00" endTime="2026-05-07T01:07:58.4296962+09:00" testType="13cdc9d9-ddb5-4fa4-a97d-d965ccfc6d4b" outcome="Passed" testListId="8c84fa94-04c1-424b-9868-57a2d4851a1d" relativeResultsDirectory="30a899f0-0f7b-4107-a5e8-05a514180f32" />
    <UnitTestResult executionId="e6b45d7a-2d36-4e6c-9d80-7715c83c0b5f" testId="79478c80-4568-4442-ccec-bf75211cbdee" testName="DefaultUserScriptGestureDefinitionsAreFullyEnumerated" computerName="9TH" duration="00:00:11.6998669" startTime="2026-05-07T01:07:46.0647689+09:00" endTime="2026-05-07T01:07:58.3316169+09:00" testType="13cdc9d9-ddb5-4fa4-a97d-d965ccfc6d4b" outcome="Passed" testListId="8c84fa94-04c1-424b-9868-57a2d4851a1d" relativeResultsDirectory="e6b45d7a-2d36-4e6c-9d80-7715c83c0b5f" />
    <UnitTestResult executionId="06e85d15-c9a8-4b85-9a92-170eb686481a" testId="e6d524ac-e07a-b20c-b034-a19af040e1e3" testName="DefaultBrowserStrokeGesturesReplayThroughSyntheticInput" computerName="9TH" duration="00:00:00.0118221" startTime="2026-05-07T01:07:58.3926540+09:00" endTime="2026-05-07T01:07:58.4046960+09:00" testType="13cdc9d9-ddb5-4fa4-a97d-d965ccfc6d4b" outcome="Passed" testListId="8c84fa94-04c1-424b-9868-57a2d4851a1d" relativeResultsDirectory="06e85d15-c9a8-4b85-9a92-170eb686481a" />
    <UnitTestResult executionId="40868ce5-5d73-4178-a315-142012bbd113" testId="90a8e8b7-ef7a-67ee-2aaa-a2849bc4e48a" testName="WheelAndStrokeGesturesDoNotCrossTriggerEachOther" computerName="9TH" duration="00:00:00.0011451" startTime="2026-05-07T01:07:58.4366949+09:00" endTime="2026-05-07T01:07:58.4386945+09:00" testType="13cdc9d9-ddb5-4fa4-a97d-d965ccfc6d4b" outcome="Passed" testListId="8c84fa94-04c1-424b-9868-57a2d4851a1d" relativeResultsDirectory="40868ce5-5d73-4178-a315-142012bbd113" />
    <UnitTestResult executionId="70a23d31-26b4-43f3-b902-db7a6adcbb7a" testId="384f3636-c34a-2525-8e47-e62ee07f8479" testName="GeneratedNegativeStrokePatternsDoNotExecuteHandlers" computerName="9TH" duration="00:00:00.0021681" startTime="2026-05-07T01:07:58.4346960+09:00" endTime="2026-05-07T01:07:58.4366949+09:00" testType="13cdc9d9-ddb5-4fa4-a97d-d965ccfc6d4b" outcome="Passed" testListId="8c84fa94-04c1-424b-9868-57a2d4851a1d" relativeResultsDirectory="70a23d31-26b4-43f3-b902-db7a6adcbb7a" />
    <UnitTestResult executionId="ee48571b-9572-43dd-b1cc-b351fff6107e" testId="a595130b-e420-a69a-052b-765a05847a07" testName="NegativeGestureReplayCasesDoNotExecuteHandlers" computerName="9TH" duration="00:00:00.0042178" startTime="2026-05-07T01:07:58.4296962+09:00" endTime="2026-05-07T01:07:58.4346960+09:00" testType="13cdc9d9-ddb5-4fa4-a97d-d965ccfc6d4b" outcome="Passed" testListId="8c84fa94-04c1-424b-9868-57a2d4851a1d" relativeResultsDirectory="ee48571b-9572-43dd-b1cc-b351fff6107e" />
  </Results>
  <TestDefinitions>
    <UnitTest name="DefaultBrowserStrokeGesturesReplayThroughSyntheticInput" storage="c:\users\seigl\projects\creviceapp\creviceapptests\bin\release\crevice4tests.dll" id="e6d524ac-e07a-b20c-b034-a19af040e1e3">
      <Execution id="06e85d15-c9a8-4b85-9a92-170eb686481a" />
      <TestMethod codeBase="C:\Users\seigl\projects\creviceapp\CreviceAppTests\bin\Release\Crevice4Tests.dll" adapterTypeName="executor://mstestadapter/v2" className="Crevice4Tests.GestureCoverageHarnessTests" name="DefaultBrowserStrokeGesturesReplayThroughSyntheticInput" />
    </UnitTest>
    <UnitTest name="GeneratedNegativeStrokePatternsDoNotExecuteHandlers" storage="c:\users\seigl\projects\creviceapp\creviceapptests\bin\release\crevice4tests.dll" id="384f3636-c34a-2525-8e47-e62ee07f8479">
      <Execution id="70a23d31-26b4-43f3-b902-db7a6adcbb7a" />
      <TestMethod codeBase="C:\Users\seigl\projects\creviceapp\CreviceAppTests\bin\Release\Crevice4Tests.dll" adapterTypeName="executor://mstestadapter/v2" className="Crevice4Tests.GestureCoverageHarnessTests" name="GeneratedNegativeStrokePatternsDoNotExecuteHandlers" />
    </UnitTest>
    <UnitTest name="GeneratedDefaultBrowserStrokePatternsReplayThroughSyntheticInput" storage="c:\users\seigl\projects\creviceapp\creviceapptests\bin\release\crevice4tests.dll" id="97b4d97c-3d53-bba4-2a43-13314a6f1bd2">
      <Execution id="30a899f0-0f7b-4107-a5e8-05a514180f32" />
      <TestMethod codeBase="C:\Users\seigl\projects\creviceapp\CreviceAppTests\bin\Release\Crevice4Tests.dll" adapterTypeName="executor://mstestadapter/v2" className="Crevice4Tests.GestureCoverageHarnessTests" name="GeneratedDefaultBrowserStrokePatternsReplayThroughSyntheticInput" />
    </UnitTest>
    <UnitTest name="DefaultUserScriptGestureDefinitionsAreFullyEnumerated" storage="c:\users\seigl\projects\creviceapp\creviceapptests\bin\release\crevice4tests.dll" id="79478c80-4568-4442-ccec-bf75211cbdee">
      <Execution id="e6b45d7a-2d36-4e6c-9d80-7715c83c0b5f" />
      <TestMethod codeBase="C:\Users\seigl\projects\creviceapp\CreviceAppTests\bin\Release\Crevice4Tests.dll" adapterTypeName="executor://mstestadapter/v2" className="Crevice4Tests.GestureCoverageHarnessTests" name="DefaultUserScriptGestureDefinitionsAreFullyEnumerated" />
    </UnitTest>
    <UnitTest name="DefaultBrowserWheelGesturesReplayThroughSyntheticInput" storage="c:\users\seigl\projects\creviceapp\creviceapptests\bin\release\crevice4tests.dll" id="c23636de-895e-8a67-58ab-ea1a5ddbd254">
      <Execution id="a4345649-f949-4a1a-8bd6-37c225f989f7" />
      <TestMethod codeBase="C:\Users\seigl\projects\creviceapp\CreviceAppTests\bin\Release\Crevice4Tests.dll" adapterTypeName="executor://mstestadapter/v2" className="Crevice4Tests.GestureCoverageHarnessTests" name="DefaultBrowserWheelGesturesReplayThroughSyntheticInput" />
    </UnitTest>
    <UnitTest name="WheelAndStrokeGesturesDoNotCrossTriggerEachOther" storage="c:\users\seigl\projects\creviceapp\creviceapptests\bin\release\crevice4tests.dll" id="90a8e8b7-ef7a-67ee-2aaa-a2849bc4e48a">
      <Execution id="40868ce5-5d73-4178-a315-142012bbd113" />
      <TestMethod codeBase="C:\Users\seigl\projects\creviceapp\CreviceAppTests\bin\Release\Crevice4Tests.dll" adapterTypeName="executor://mstestadapter/v2" className="Crevice4Tests.GestureCoverageHarnessTests" name="WheelAndStrokeGesturesDoNotCrossTriggerEachOther" />
    </UnitTest>
    <UnitTest name="NegativeGestureReplayCasesDoNotExecuteHandlers" storage="c:\users\seigl\projects\creviceapp\creviceapptests\bin\release\crevice4tests.dll" id="a595130b-e420-a69a-052b-765a05847a07">
      <Execution id="ee48571b-9572-43dd-b1cc-b351fff6107e" />
      <TestMethod codeBase="C:\Users\seigl\projects\creviceapp\CreviceAppTests\bin\Release\Crevice4Tests.dll" adapterTypeName="executor://mstestadapter/v2" className="Crevice4Tests.GestureCoverageHarnessTests" name="NegativeGestureReplayCasesDoNotExecuteHandlers" />
    </UnitTest>
  </TestDefinitions>
  <TestEntries>
    <TestEntry testId="c23636de-895e-8a67-58ab-ea1a5ddbd254" executionId="a4345649-f949-4a1a-8bd6-37c225f989f7" testListId="8c84fa94-04c1-424b-9868-57a2d4851a1d" />
    <TestEntry testId="97b4d97c-3d53-bba4-2a43-13314a6f1bd2" executionId="30a899f0-0f7b-4107-a5e8-05a514180f32" testListId="8c84fa94-04c1-424b-9868-57a2d4851a1d" />
    <TestEntry testId="79478c80-4568-4442-ccec-bf75211cbdee" executionId="e6b45d7a-2d36-4e6c-9d80-7715c83c0b5f" testListId="8c84fa94-04c1-424b-9868-57a2d4851a1d" />
    <TestEntry testId="e6d524ac-e07a-b20c-b034-a19af040e1e3" executionId="06e85d15-c9a8-4b85-9a92-170eb686481a" testListId="8c84fa94-04c1-424b-9868-57a2d4851a1d" />
    <TestEntry testId="90a8e8b7-ef7a-67ee-2aaa-a2849bc4e48a" executionId="40868ce5-5d73-4178-a315-142012bbd113" testListId="8c84fa94-04c1-424b-9868-57a2d4851a1d" />
    <TestEntry testId="384f3636-c34a-2525-8e47-e62ee07f8479" executionId="70a23d31-26b4-43f3-b902-db7a6adcbb7a" testListId="8c84fa94-04c1-424b-9868-57a2d4851a1d" />
    <TestEntry testId="a595130b-e420-a69a-052b-765a05847a07" executionId="ee48571b-9572-43dd-b1cc-b351fff6107e" testListId="8c84fa94-04c1-424b-9868-57a2d4851a1d" />
  </TestEntries>
  <TestLists>
    <TestList name="一覧に存在しない結果" id="8c84fa94-04c1-424b-9868-57a2d4851a1d" />
    <TestList name="読み込まれたすべての結果" id="19431567-8539-422a-85d7-44ee4e166bda" />
  </TestLists>
  <ResultSummary outcome="Completed">
    <Counters total="7" executed="7" passed="7" failed="0" error="0" timeout="0" aborted="0" inconclusive="0" passedButRunAborted="0" notRunnable="0" notExecuted="0" disconnected="0" warning="0" completed="0" inProgress="0" pending="0" />
  </ResultSummary>
</TestRun>