<?xml version="1.0" encoding="utf-8"?>
<TestRun id="412d5c97-67a5-445d-ba45-e050f0673a15" name="seigl@9TH 2026-05-06 23:57:55" runUser="9TH\CodexSandboxOffline" xmlns="http://microsoft.com/schemas/VisualStudio/TeamTest/2010">
  <Times creation="2026-05-06T23:57:55.4160066+09:00" queuing="2026-05-06T23:57:55.4160066+09:00" start="2026-05-06T23:57:54.1150841+09:00" finish="2026-05-06T23:57:55.4330207+09:00" />
  <TestSettings name="default" id="5051fe2c-7768-4af6-bae0-64d76b08e196">
    <Deployment runDeploymentRoot="seigl_9TH_2026-05-06_23_57_55" />
  </TestSettings>
  <Results>
    <UnitTestResult executionId="dac858bf-03b6-4be3-bc07-98586e300e6a" testId="db954a6e-8988-5320-7fce-9940cc0d813e" testName="SyntheticGestureReplayPerformanceBaseline" computerName="9TH" duration="00:00:00.7071502" startTime="2026-05-06T23:57:54.4908024+09:00" endTime="2026-05-06T23:57:55.3744891+09:00" testType="13cdc9d9-ddb5-4fa4-a97d-d965ccfc6d4b" outcome="Passed" testListId="8c84fa94-04c1-424b-9868-57a2d4851a1d" relativeResultsDirectory="dac858bf-03b6-4be3-bc07-98586e300e6a">
      <Output>
        <StdOut>TestContext Messages:
Performance baseline JSON: C:\Users\seigl\projects\creviceapp\poc\2026-05-06-gesture-reliability-performance\step-04-performance-baseline-measurement\output\gesture-performance-baseline.json&#xD;
Performance baseline summary: C:\Users\seigl\projects\creviceapp\poc\2026-05-06-gesture-reliability-performance\step-04-performance-baseline-measurement\output\gesture-performance-baseline-summary.md</StdOut>
      </Output>
    </UnitTestResult>
  </Results>
  <TestDefinitions>
    <UnitTest name="SyntheticGestureReplayPerformanceBaseline" storage="c:\users\seigl\projects\creviceapp\creviceapptests\bin\release\crevice4tests.dll" id="db954a6e-8988-5320-7fce-9940cc0d813e">
      <TestCategory>
        <TestCategoryItem TestCategory="Performance" />
      </TestCategory>
      <Execution id="dac858bf-03b6-4be3-bc07-98586e300e6a" />
      <TestMethod codeBase="C:\Users\seigl\projects\creviceapp\CreviceAppTests\bin\Release\Crevice4Tests.dll" adapterTypeName="executor://mstestadapter/v2" className="Crevice4Tests.GesturePerformanceHarnessTests" name="SyntheticGestureReplayPerformanceBaseline" />
    </UnitTest>
  </TestDefinitions>
  <TestEntries>
    <TestEntry testId="db954a6e-8988-5320-7fce-9940cc0d813e" executionId="dac858bf-03b6-4be3-bc07-98586e300e6a" testListId="8c84fa94-04c1-424b-9868-57a2d4851a1d" />
  </TestEntries>
  <TestLists>
    <TestList name="一覧に存在しない結果" id="8c84fa94-04c1-424b-9868-57a2d4851a1d" />
    <TestList name="読み込まれたすべての結果" id="19431567-8539-422a-85d7-44ee4e166bda" />
  </TestLists>
  <ResultSummary outcome="Completed">
    <Counters total="1" executed="1" passed="1" failed="0" error="0" timeout="0" aborted="0" inconclusive="0" passedButRunAborted="0" notRunnable="0" notExecuted="0" disconnected="0" warning="0" completed="0" inProgress="0" pending="0" />
  </ResultSummary>
</TestRun>