<?xml version="1.0" encoding="utf-8"?>
<TestRun id="dd758a8b-b78c-49b3-8fa5-90910bed83f4" name="seigl@9TH 2026-05-07 00:40:13" runUser="9TH\CodexSandboxOffline" xmlns="http://microsoft.com/schemas/VisualStudio/TeamTest/2010">
  <Times creation="2026-05-07T00:40:13.0404278+09:00" queuing="2026-05-07T00:40:13.0404278+09:00" start="2026-05-07T00:36:54.9851204+09:00" finish="2026-05-07T00:40:13.0564331+09:00" />
  <TestSettings name="default" id="477bfcaf-bc78-4378-9fbe-827c414ef2a6">
    <Deployment runDeploymentRoot="seigl_9TH_2026-05-07_00_40_13" />
  </TestSettings>
  <Results>
    <UnitTestResult executionId="25f60cfe-a42c-4f71-86e0-7bd1150b0049" testId="626d354e-bf8e-6850-b305-dc3ce3533015" testName="SyntheticGestureReplaySchedulerComparison" computerName="9TH" duration="00:03:17.4631879" startTime="2026-05-07T00:36:55.3792779+09:00" endTime="2026-05-07T00:40:13.0004144+09:00" testType="13cdc9d9-ddb5-4fa4-a97d-d965ccfc6d4b" outcome="Passed" testListId="8c84fa94-04c1-424b-9868-57a2d4851a1d" relativeResultsDirectory="25f60cfe-a42c-4f71-86e0-7bd1150b0049">
      <Output>
        <StdOut>TestContext Messages:
Performance scheduler comparison JSON: C:\Users\seigl\projects\creviceapp\poc\2026-05-06-gesture-reliability-performance\step-07-strokewatcher-scheduler-tuning\output\gesture-performance-scheduler-comparison.json&#xD;
Performance scheduler comparison summary: C:\Users\seigl\projects\creviceapp\poc\2026-05-06-gesture-reliability-performance\step-07-strokewatcher-scheduler-tuning\output\gesture-performance-scheduler-comparison-summary.md</StdOut>
      </Output>
    </UnitTestResult>
  </Results>
  <TestDefinitions>
    <UnitTest name="SyntheticGestureReplaySchedulerComparison" storage="c:\users\seigl\projects\creviceapp\creviceapptests\bin\release\crevice4tests.dll" id="626d354e-bf8e-6850-b305-dc3ce3533015">
      <TestCategory>
        <TestCategoryItem TestCategory="PerformanceSchedulerComparison" />
      </TestCategory>
      <Execution id="25f60cfe-a42c-4f71-86e0-7bd1150b0049" />
      <TestMethod codeBase="C:\Users\seigl\projects\creviceapp\CreviceAppTests\bin\Release\Crevice4Tests.dll" adapterTypeName="executor://mstestadapter/v2" className="Crevice4Tests.GesturePerformanceHarnessTests" name="SyntheticGestureReplaySchedulerComparison" />
    </UnitTest>
  </TestDefinitions>
  <TestEntries>
    <TestEntry testId="626d354e-bf8e-6850-b305-dc3ce3533015" executionId="25f60cfe-a42c-4f71-86e0-7bd1150b0049" testListId="8c84fa94-04c1-424b-9868-57a2d4851a1d" />
  </TestEntries>
  <TestLists>
    <TestList name="一覧に存在しない結果" id="8c84fa94-04c1-424b-9868-57a2d4851a1d" />
    <TestList name="読み込まれたすべての結果" id="19431567-8539-422a-85d7-44ee4e166bda" />
  </TestLists>
  <ResultSummary outcome="Completed">
    <Counters total="1" executed="1" passed="1" failed="0" error="0" timeout="0" aborted="0" inconclusive="0" passedButRunAborted="0" notRunnable="0" notExecuted="0" disconnected="0" warning="0" completed="0" inProgress="0" pending="0" />
  </ResultSummary>
</TestRun>