<?xml version="1.0" encoding="utf-8"?>
<TestRun id="d7028ebd-a521-4641-99dc-40e7a388af4a" name="seigl@9TH 2026-05-07 00:10:34" runUser="9TH\CodexSandboxOffline" xmlns="http://microsoft.com/schemas/VisualStudio/TeamTest/2010">
  <Times creation="2026-05-07T00:10:34.8485501+09:00" queuing="2026-05-07T00:10:34.8485501+09:00" start="2026-05-07T00:10:33.5997822+09:00" finish="2026-05-07T00:10:34.8655475+09:00" />
  <TestSettings name="default" id="e01f7aab-fc2f-41ee-ba34-b0c6dc5ad981">
    <Deployment runDeploymentRoot="seigl_9TH_2026-05-07_00_10_34" />
  </TestSettings>
  <Results>
    <UnitTestResult executionId="6805dcae-1c15-48ec-a100-3baefef1a24b" testId="6cc3d704-1c3e-b77b-9764-7795746a6024" testName="SyntheticGestureReplayPerformanceAttribution" computerName="9TH" duration="00:00:00.6837619" startTime="2026-05-07T00:10:33.9599073+09:00" endTime="2026-05-07T00:10:34.8090335+09:00" testType="13cdc9d9-ddb5-4fa4-a97d-d965ccfc6d4b" outcome="Passed" testListId="8c84fa94-04c1-424b-9868-57a2d4851a1d" relativeResultsDirectory="6805dcae-1c15-48ec-a100-3baefef1a24b">
      <Output>
        <StdOut>TestContext Messages:
Performance attribution JSON: C:\Users\seigl\projects\creviceapp\poc\2026-05-06-gesture-reliability-performance\step-05-performance-attribution-analysis\output\gesture-performance-attribution.json&#xD;
Performance attribution summary: C:\Users\seigl\projects\creviceapp\poc\2026-05-06-gesture-reliability-performance\step-05-performance-attribution-analysis\output\gesture-performance-attribution-summary.md</StdOut>
      </Output>
    </UnitTestResult>
  </Results>
  <TestDefinitions>
    <UnitTest name="SyntheticGestureReplayPerformanceAttribution" storage="c:\users\seigl\projects\creviceapp\creviceapptests\bin\release\crevice4tests.dll" id="6cc3d704-1c3e-b77b-9764-7795746a6024">
      <TestCategory>
        <TestCategoryItem TestCategory="PerformanceAttribution" />
      </TestCategory>
      <Execution id="6805dcae-1c15-48ec-a100-3baefef1a24b" />
      <TestMethod codeBase="C:\Users\seigl\projects\creviceapp\CreviceAppTests\bin\Release\Crevice4Tests.dll" adapterTypeName="executor://mstestadapter/v2" className="Crevice4Tests.GesturePerformanceHarnessTests" name="SyntheticGestureReplayPerformanceAttribution" />
    </UnitTest>
  </TestDefinitions>
  <TestEntries>
    <TestEntry testId="6cc3d704-1c3e-b77b-9764-7795746a6024" executionId="6805dcae-1c15-48ec-a100-3baefef1a24b" testListId="8c84fa94-04c1-424b-9868-57a2d4851a1d" />
  </TestEntries>
  <TestLists>
    <TestList name="一覧に存在しない結果" id="8c84fa94-04c1-424b-9868-57a2d4851a1d" />
    <TestList name="読み込まれたすべての結果" id="19431567-8539-422a-85d7-44ee4e166bda" />
  </TestLists>
  <ResultSummary outcome="Completed">
    <Counters total="1" executed="1" passed="1" failed="0" error="0" timeout="0" aborted="0" inconclusive="0" passedButRunAborted="0" notRunnable="0" notExecuted="0" disconnected="0" warning="0" completed="0" inProgress="0" pending="0" />
  </ResultSummary>
</TestRun>