<?xml version="1.0" encoding="utf-8"?>
<TestRun id="e5e903a6-a62c-440b-877b-d3a0cc0fa16c" name="seigl@9TH 2026-05-07 00:23:01" runUser="9TH\CodexSandboxOffline" xmlns="http://microsoft.com/schemas/VisualStudio/TeamTest/2010">
  <Times creation="2026-05-07T00:23:01.1734223+09:00" queuing="2026-05-07T00:23:01.1734223+09:00" start="2026-05-07T00:22:59.0267165+09:00" finish="2026-05-07T00:23:01.1889425+09:00" />
  <TestSettings name="default" id="5a782584-eb33-4ff2-b7c1-62ac0100532d">
    <Deployment runDeploymentRoot="seigl_9TH_2026-05-07_00_23_01" />
  </TestSettings>
  <Results>
    <UnitTestResult executionId="d4c6bf7c-b7ff-4c61-9847-0e2b27efdaf6" testId="058f1dde-430e-32cb-9079-28f95c56fde1" testName="SyntheticGestureReplayPerformanceRepeatability" computerName="9TH" duration="00:00:01.5739619" startTime="2026-05-07T00:22:59.3849879+09:00" endTime="2026-05-07T00:23:01.1309069+09:00" testType="13cdc9d9-ddb5-4fa4-a97d-d965ccfc6d4b" outcome="Passed" testListId="8c84fa94-04c1-424b-9868-57a2d4851a1d" relativeResultsDirectory="d4c6bf7c-b7ff-4c61-9847-0e2b27efdaf6">
      <Output>
        <StdOut>TestContext Messages:
Performance repeatability JSON: C:\Users\seigl\projects\creviceapp\poc\2026-05-06-gesture-reliability-performance\step-06-measurement-determinism-tuning\output\gesture-performance-repeatability.json&#xD;
Performance repeatability summary: C:\Users\seigl\projects\creviceapp\poc\2026-05-06-gesture-reliability-performance\step-06-measurement-determinism-tuning\output\gesture-performance-repeatability-summary.md</StdOut>
      </Output>
    </UnitTestResult>
  </Results>
  <TestDefinitions>
    <UnitTest name="SyntheticGestureReplayPerformanceRepeatability" storage="c:\users\seigl\projects\creviceapp\creviceapptests\bin\release\crevice4tests.dll" id="058f1dde-430e-32cb-9079-28f95c56fde1">
      <TestCategory>
        <TestCategoryItem TestCategory="PerformanceRepeatability" />
      </TestCategory>
      <Execution id="d4c6bf7c-b7ff-4c61-9847-0e2b27efdaf6" />
      <TestMethod codeBase="C:\Users\seigl\projects\creviceapp\CreviceAppTests\bin\Release\Crevice4Tests.dll" adapterTypeName="executor://mstestadapter/v2" className="Crevice4Tests.GesturePerformanceHarnessTests" name="SyntheticGestureReplayPerformanceRepeatability" />
    </UnitTest>
  </TestDefinitions>
  <TestEntries>
    <TestEntry testId="058f1dde-430e-32cb-9079-28f95c56fde1" executionId="d4c6bf7c-b7ff-4c61-9847-0e2b27efdaf6" testListId="8c84fa94-04c1-424b-9868-57a2d4851a1d" />
  </TestEntries>
  <TestLists>
    <TestList name="一覧に存在しない結果" id="8c84fa94-04c1-424b-9868-57a2d4851a1d" />
    <TestList name="読み込まれたすべての結果" id="19431567-8539-422a-85d7-44ee4e166bda" />
  </TestLists>
  <ResultSummary outcome="Completed">
    <Counters total="1" executed="1" passed="1" failed="0" error="0" timeout="0" aborted="0" inconclusive="0" passedButRunAborted="0" notRunnable="0" notExecuted="0" disconnected="0" warning="0" completed="0" inProgress="0" pending="0" />
  </ResultSummary>
</TestRun>